Running tool: /usr/local/go/bin/go test -timeout 30s -run ^(TestInputOne|TestOneDigitInputs|TestTwoDigitTeenInputs|TestTwoDigitsGreaterThanNineteen)$ activity650/lib

=== RUN   TestInputOne
--- PASS: TestInputOne (0.00s)
=== RUN   TestOneDigitInputs
--- PASS: TestOneDigitInputs (0.00s)
=== RUN   TestTwoDigitTeenInputs
--- PASS: TestTwoDigitTeenInputs (0.00s)
=== RUN   TestTwoDigitsGreaterThanNineteen
    /Users/ericmschmidt/GitHub/telpirion/Activity650/lib/Converter_test.go:81:
                Error Trace:    /Users/ericmschmidt/GitHub/telpirion/Activity650/lib/Converter_test.go:81
                Error:          Not equal:
                                expected: "twenty-one"
                                actual  : ""

                                Diff:
                                --- Expected
                                +++ Actual
                                @@ -1 +1 @@
                                -twenty-one
                                +
                Test:           TestTwoDigitsGreaterThanNineteen
    /Users/ericmschmidt/GitHub/telpirion/Activity650/lib/Converter_test.go:81:
                Error Trace:    /Users/ericmschmidt/GitHub/telpirion/Activity650/lib/Converter_test.go:81
                Error:          Not equal:
                                expected: "forty-five"
                                actual  : ""

                                Diff:
                                --- Expected
                                +++ Actual
                                @@ -1 +1 @@
                                -forty-five
                                +
                Test:           TestTwoDigitsGreaterThanNineteen
    /Users/ericmschmidt/GitHub/telpirion/Activity650/lib/Converter_test.go:81:
                Error Trace:    /Users/ericmschmidt/GitHub/telpirion/Activity650/lib/Converter_test.go:81
                Error:          Not equal:
                                expected: "seventy-seven"
                                actual  : ""

                                Diff:
                                --- Expected
                                +++ Actual
                                @@ -1 +1 @@
                                -seventy-seven
                                +
                Test:           TestTwoDigitsGreaterThanNineteen
    /Users/ericmschmidt/GitHub/telpirion/Activity650/lib/Converter_test.go:81:
                Error Trace:    /Users/ericmschmidt/GitHub/telpirion/Activity650/lib/Converter_test.go:81
                Error:          Not equal:
                                expected: "thirty"
                                actual  : ""

                                Diff:
                                --- Expected
                                +++ Actual
                                @@ -1 +1 @@
                                -thirty
                                +
                Test:           TestTwoDigitsGreaterThanNineteen
    /Users/ericmschmidt/GitHub/telpirion/Activity650/lib/Converter_test.go:81:
                Error Trace:    /Users/ericmschmidt/GitHub/telpirion/Activity650/lib/Converter_test.go:81
                Error:          Not equal:
                                expected: "eighty"
                                actual  : ""

                                Diff:
                                --- Expected
                                +++ Actual
                                @@ -1 +1 @@
                                -eighty
                                +
                Test:           TestTwoDigitsGreaterThanNineteen
--- FAIL: TestTwoDigitsGreaterThanNineteen (0.00s)
FAIL
FAIL    activity650/lib 0.131s


> Test run finished at 5/13/2023, 3:51:09 PM <

Running tool: /usr/local/go/bin/go test -timeout 30s -run ^(TestInputOne|TestOneDigitInputs|TestTwoDigitTeenInputs|TestTwoDigitsGreaterThanNineteen)$ activity650/lib

=== RUN   TestInputOne
    /Users/ericmschmidt/GitHub/telpirion/Activity650/lib/Converter_test.go:32:
                Error Trace:    /Users/ericmschmidt/GitHub/telpirion/Activity650/lib/Converter_test.go:32
                Error:          Not equal:
                                expected: "one"
                                actual  : "-one"

                                Diff:
                                --- Expected
                                +++ Actual
                                @@ -1 +1 @@
                                -one
                                +-one
                Test:           TestInputOne
--- FAIL: TestInputOne (0.00s)
=== RUN   TestOneDigitInputs
    /Users/ericmschmidt/GitHub/telpirion/Activity650/lib/Converter_test.go:47:
                Error Trace:    /Users/ericmschmidt/GitHub/telpirion/Activity650/lib/Converter_test.go:47
                Error:          Not equal:
                                expected: "two"
                                actual  : "-two"

                                Diff:
                                --- Expected
                                +++ Actual
                                @@ -1 +1 @@
                                -two
                                +-two
                Test:           TestOneDigitInputs
    /Users/ericmschmidt/GitHub/telpirion/Activity650/lib/Converter_test.go:47:
                Error Trace:    /Users/ericmschmidt/GitHub/telpirion/Activity650/lib/Converter_test.go:47
                Error:          Not equal:
                                expected: "seven"
                                actual  : "-seven"

                                Diff:
                                --- Expected
                                +++ Actual
                                @@ -1 +1 @@
                                -seven
                                +-seven
                Test:           TestOneDigitInputs
    /Users/ericmschmidt/GitHub/telpirion/Activity650/lib/Converter_test.go:47:
                Error Trace:    /Users/ericmschmidt/GitHub/telpirion/Activity650/lib/Converter_test.go:47
                Error:          Not equal:
                                expected: "nine"
                                actual  : "-nine"

                                Diff:
                                --- Expected
                                +++ Actual
                                @@ -1 +1 @@
                                -nine
                                +-nine
                Test:           TestOneDigitInputs
--- FAIL: TestOneDigitInputs (0.00s)
=== RUN   TestTwoDigitTeenInputs
    /Users/ericmschmidt/GitHub/telpirion/Activity650/lib/Converter_test.go:64:
                Error Trace:    /Users/ericmschmidt/GitHub/telpirion/Activity650/lib/Converter_test.go:64
                Error:          Not equal:
                                expected: "ten"
                                actual  : "-zero"

                                Diff:
                                --- Expected
                                +++ Actual
                                @@ -1 +1 @@
                                -ten
                                +-zero
                Test:           TestTwoDigitTeenInputs
    /Users/ericmschmidt/GitHub/telpirion/Activity650/lib/Converter_test.go:64:
                Error Trace:    /Users/ericmschmidt/GitHub/telpirion/Activity650/lib/Converter_test.go:64
                Error:          Not equal:
                                expected: "eleven"
                                actual  : "-one"

                                Diff:
                                --- Expected
                                +++ Actual
                                @@ -1 +1 @@
                                -eleven
                                +-one
                Test:           TestTwoDigitTeenInputs
    /Users/ericmschmidt/GitHub/telpirion/Activity650/lib/Converter_test.go:64:
                Error Trace:    /Users/ericmschmidt/GitHub/telpirion/Activity650/lib/Converter_test.go:64
                Error:          Not equal:
                                expected: "thirteen"
                                actual  : "-three"

                                Diff:
                                --- Expected
                                +++ Actual
                                @@ -1 +1 @@
                                -thirteen
                                +-three
                Test:           TestTwoDigitTeenInputs
    /Users/ericmschmidt/GitHub/telpirion/Activity650/lib/Converter_test.go:64:
                Error Trace:    /Users/ericmschmidt/GitHub/telpirion/Activity650/lib/Converter_test.go:64
                Error:          Not equal:
                                expected: "seventeen"
                                actual  : "-seven"

                                Diff:
                                --- Expected
                                +++ Actual
                                @@ -1 +1 @@
                                -seventeen
                                +-seven
                Test:           TestTwoDigitTeenInputs
    /Users/ericmschmidt/GitHub/telpirion/Activity650/lib/Converter_test.go:64:
                Error Trace:    /Users/ericmschmidt/GitHub/telpirion/Activity650/lib/Converter_test.go:64
                Error:          Not equal:
                                expected: "nineteen"
                                actual  : "-nine"

                                Diff:
                                --- Expected
                                +++ Actual
                                @@ -1 +1 @@
                                -nineteen
                                +-nine
                Test:           TestTwoDigitTeenInputs
--- FAIL: TestTwoDigitTeenInputs (0.00s)
=== RUN   TestTwoDigitsGreaterThanNineteen
    /Users/ericmschmidt/GitHub/telpirion/Activity650/lib/Converter_test.go:81:
                Error Trace:    /Users/ericmschmidt/GitHub/telpirion/Activity650/lib/Converter_test.go:81
                Error:          Not equal:
                                expected: "thirty"
                                actual  : "thirty-zero"

                                Diff:
                                --- Expected
                                +++ Actual
                                @@ -1 +1 @@
                                -thirty
                                +thirty-zero
                Test:           TestTwoDigitsGreaterThanNineteen
    /Users/ericmschmidt/GitHub/telpirion/Activity650/lib/Converter_test.go:81:
                Error Trace:    /Users/ericmschmidt/GitHub/telpirion/Activity650/lib/Converter_test.go:81
                Error:          Not equal:
                                expected: "eighty"
                                actual  : "eighty-zero"

                                Diff:
                                --- Expected
                                +++ Actual
                                @@ -1 +1 @@
                                -eighty
                                +eighty-zero
                Test:           TestTwoDigitsGreaterThanNineteen
--- FAIL: TestTwoDigitsGreaterThanNineteen (0.00s)
FAIL
FAIL    activity650/lib 0.334s


> Test run finished at 5/13/2023, 4:01:14 PM <

Running tool: /usr/local/go/bin/go test -timeout 30s -run ^(TestInputOne|TestOneDigitInputs|TestTwoDigitTeenInputs|TestTwoDigitsGreaterThanNineteen)$ activity650/lib

=== RUN   TestInputOne
--- PASS: TestInputOne (0.00s)
=== RUN   TestOneDigitInputs
--- PASS: TestOneDigitInputs (0.00s)
=== RUN   TestTwoDigitTeenInputs
    /Users/ericmschmidt/GitHub/telpirion/Activity650/lib/Converter_test.go:64:
                Error Trace:    /Users/ericmschmidt/GitHub/telpirion/Activity650/lib/Converter_test.go:64
                Error:          Not equal:
                                expected: "ten"
                                actual  : "zero"

                                Diff:
                                --- Expected
                                +++ Actual
                                @@ -1 +1 @@
                                -ten
                                +zero
                Test:           TestTwoDigitTeenInputs
    /Users/ericmschmidt/GitHub/telpirion/Activity650/lib/Converter_test.go:64:
                Error Trace:    /Users/ericmschmidt/GitHub/telpirion/Activity650/lib/Converter_test.go:64
                Error:          Not equal:
                                expected: "eleven"
                                actual  : "one"

                                Diff:
                                --- Expected
                                +++ Actual
                                @@ -1 +1 @@
                                -eleven
                                +one
                Test:           TestTwoDigitTeenInputs
    /Users/ericmschmidt/GitHub/telpirion/Activity650/lib/Converter_test.go:64:
                Error Trace:    /Users/ericmschmidt/GitHub/telpirion/Activity650/lib/Converter_test.go:64
                Error:          Not equal:
                                expected: "thirteen"
                                actual  : "three"

                                Diff:
                                --- Expected
                                +++ Actual
                                @@ -1 +1 @@
                                -thirteen
                                +three
                Test:           TestTwoDigitTeenInputs
    /Users/ericmschmidt/GitHub/telpirion/Activity650/lib/Converter_test.go:64:
                Error Trace:    /Users/ericmschmidt/GitHub/telpirion/Activity650/lib/Converter_test.go:64
                Error:          Not equal:
                                expected: "seventeen"
                                actual  : "seven"

                                Diff:
                                --- Expected
                                +++ Actual
                                @@ -1 +1 @@
                                -seventeen
                                +seven
                Test:           TestTwoDigitTeenInputs
    /Users/ericmschmidt/GitHub/telpirion/Activity650/lib/Converter_test.go:64:
                Error Trace:    /Users/ericmschmidt/GitHub/telpirion/Activity650/lib/Converter_test.go:64
                Error:          Not equal:
                                expected: "nineteen"
                                actual  : "nine"

                                Diff:
                                --- Expected
                                +++ Actual
                                @@ -1 +1 @@
                                -nineteen
                                +nine
                Test:           TestTwoDigitTeenInputs
--- FAIL: TestTwoDigitTeenInputs (0.00s)
=== RUN   TestTwoDigitsGreaterThanNineteen
    /Users/ericmschmidt/GitHub/telpirion/Activity650/lib/Converter_test.go:81:
                Error Trace:    /Users/ericmschmidt/GitHub/telpirion/Activity650/lib/Converter_test.go:81
                Error:          Not equal:
                                expected: "thirty"
                                actual  : "thirty-"

                                Diff:
                                --- Expected
                                +++ Actual
                                @@ -1 +1 @@
                                -thirty
                                +thirty-
                Test:           TestTwoDigitsGreaterThanNineteen
    /Users/ericmschmidt/GitHub/telpirion/Activity650/lib/Converter_test.go:81:
                Error Trace:    /Users/ericmschmidt/GitHub/telpirion/Activity650/lib/Converter_test.go:81
                Error:          Not equal:
                                expected: "eighty"
                                actual  : "eighty-"

                                Diff:
                                --- Expected
                                +++ Actual
                                @@ -1 +1 @@
                                -eighty
                                +eighty-
                Test:           TestTwoDigitsGreaterThanNineteen
--- FAIL: TestTwoDigitsGreaterThanNineteen (0.00s)
FAIL
FAIL    activity650/lib 0.288s


> Test run finished at 5/13/2023, 4:08:47 PM <

Running tool: /usr/local/go/bin/go test -timeout 30s -run ^(TestInputOne|TestOneDigitInputs|TestTwoDigitTeenInputs|TestTwoDigitsGreaterThanNineteen)$ activity650/lib

=== RUN   TestInputOne
--- PASS: TestInputOne (0.00s)
=== RUN   TestOneDigitInputs
--- PASS: TestOneDigitInputs (0.00s)
=== RUN   TestTwoDigitTeenInputs
--- PASS: TestTwoDigitTeenInputs (0.00s)
=== RUN   TestTwoDigitsGreaterThanNineteen
    /Users/ericmschmidt/GitHub/telpirion/Activity650/lib/Converter_test.go:81:
                Error Trace:    /Users/ericmschmidt/GitHub/telpirion/Activity650/lib/Converter_test.go:81
                Error:          Not equal:
                                expected: "thirty"
                                actual  : "thirty-"

                                Diff:
                                --- Expected
                                +++ Actual
                                @@ -1 +1 @@
                                -thirty
                                +thirty-
                Test:           TestTwoDigitsGreaterThanNineteen
    /Users/ericmschmidt/GitHub/telpirion/Activity650/lib/Converter_test.go:81:
                Error Trace:    /Users/ericmschmidt/GitHub/telpirion/Activity650/lib/Converter_test.go:81
                Error:          Not equal:
                                expected: "eighty"
                                actual  : "eighty-"

                                Diff:
                                --- Expected
                                +++ Actual
                                @@ -1 +1 @@
                                -eighty
                                +eighty-
                Test:           TestTwoDigitsGreaterThanNineteen
--- FAIL: TestTwoDigitsGreaterThanNineteen (0.00s)
FAIL
FAIL    activity650/lib 0.229s


> Test run finished at 5/13/2023, 4:12:27 PM <

Running tool: /usr/local/go/bin/go test -timeout 30s -run ^(TestInputOne|TestOneDigitInputs|TestTwoDigitTeenInputs|TestTwoDigitsGreaterThanNineteen)$ activity650/lib

=== RUN   TestInputOne
--- PASS: TestInputOne (0.00s)
=== RUN   TestOneDigitInputs
--- PASS: TestOneDigitInputs (0.00s)
=== RUN   TestTwoDigitTeenInputs
--- PASS: TestTwoDigitTeenInputs (0.00s)
=== RUN   TestTwoDigitsGreaterThanNineteen
--- PASS: TestTwoDigitsGreaterThanNineteen (0.00s)
PASS
ok      activity650/lib 0.183s


> Test run finished at 5/13/2023, 4:13:08 PM <
