Running tool: /usr/local/go/bin/go test -timeout 30s -run ^(TestInputOne|TestOneDigitInputs|TestTwoDigitTeenInputs|TestTwoDigitsGreaterThanNineteen|TestThreeDigitNumbers)$ activity650/lib

=== RUN   TestInputOne
--- PASS: TestInputOne (0.00s)
=== RUN   TestOneDigitInputs
--- PASS: TestOneDigitInputs (0.00s)
=== RUN   TestTwoDigitTeenInputs
--- PASS: TestTwoDigitTeenInputs (0.00s)
=== RUN   TestTwoDigitsGreaterThanNineteen
--- PASS: TestTwoDigitsGreaterThanNineteen (0.00s)
=== RUN   TestThreeDigitNumbers
    /Users/ericmschmidt/GitHub/telpirion/Activity650/lib/Converter_test.go:98:
                Error Trace:    /Users/ericmschmidt/GitHub/telpirion/Activity650/lib/Converter_test.go:98
                Error:          Not equal:
                                expected: "one-hundred"
                                actual  : ""

                                Diff:
                                --- Expected
                                +++ Actual
                                @@ -1 +1 @@
                                -one-hundred
                                +
                Test:           TestThreeDigitNumbers
    /Users/ericmschmidt/GitHub/telpirion/Activity650/lib/Converter_test.go:98:
                Error Trace:    /Users/ericmschmidt/GitHub/telpirion/Activity650/lib/Converter_test.go:98
                Error:          Not equal:
                                expected: "three-hundred"
                                actual  : ""

                                Diff:
                                --- Expected
                                +++ Actual
                                @@ -1 +1 @@
                                -three-hundred
                                +
                Test:           TestThreeDigitNumbers
    /Users/ericmschmidt/GitHub/telpirion/Activity650/lib/Converter_test.go:98:
                Error Trace:    /Users/ericmschmidt/GitHub/telpirion/Activity650/lib/Converter_test.go:98
                Error:          Not equal:
                                expected: "four-hundred two"
                                actual  : "two"

                                Diff:
                                --- Expected
                                +++ Actual
                                @@ -1 +1 @@
                                -four-hundred two
                                +two
                Test:           TestThreeDigitNumbers
    /Users/ericmschmidt/GitHub/telpirion/Activity650/lib/Converter_test.go:98:
                Error Trace:    /Users/ericmschmidt/GitHub/telpirion/Activity650/lib/Converter_test.go:98
                Error:          Not equal:
                                expected: "five-hundred sixty"
                                actual  : ""

                                Diff:
                                --- Expected
                                +++ Actual
                                @@ -1 +1 @@
                                -five-hundred sixty
                                +
                Test:           TestThreeDigitNumbers
    /Users/ericmschmidt/GitHub/telpirion/Activity650/lib/Converter_test.go:98:
                Error Trace:    /Users/ericmschmidt/GitHub/telpirion/Activity650/lib/Converter_test.go:98
                Error:          Not equal:
                                expected: "seven-hundred fifty-six"
                                actual  : "six"

                                Diff:
                                --- Expected
                                +++ Actual
                                @@ -1 +1 @@
                                -seven-hundred fifty-six
                                +six
                Test:           TestThreeDigitNumbers
--- FAIL: TestThreeDigitNumbers (0.00s)
FAIL
FAIL    activity650/lib 0.214s


> Test run finished at 5/13/2023, 4:26:49 PM <

Running tool: /usr/local/go/bin/go test -timeout 30s -run ^(TestInputOne|TestOneDigitInputs|TestTwoDigitTeenInputs|TestTwoDigitsGreaterThanNineteen|TestThreeDigitNumbers)$ activity650/lib

=== RUN   TestInputOne
    /Users/ericmschmidt/GitHub/telpirion/Activity650/lib/Converter_test.go:32:
                Error Trace:    /Users/ericmschmidt/GitHub/telpirion/Activity650/lib/Converter_test.go:32
                Error:          Not equal:
                                expected: "one"
                                actual  : "seven"

                                Diff:
                                --- Expected
                                +++ Actual
                                @@ -1 +1 @@
                                -one
                                +seven
                Test:           TestInputOne
--- FAIL: TestInputOne (0.00s)
=== RUN   TestOneDigitInputs
    /Users/ericmschmidt/GitHub/telpirion/Activity650/lib/Converter_test.go:47:
                Error Trace:    /Users/ericmschmidt/GitHub/telpirion/Activity650/lib/Converter_test.go:47
                Error:          Not equal:
                                expected: "two"
                                actual  : "eight"

                                Diff:
                                --- Expected
                                +++ Actual
                                @@ -1 +1 @@
                                -two
                                +eight
                Test:           TestOneDigitInputs
    /Users/ericmschmidt/GitHub/telpirion/Activity650/lib/Converter_test.go:47:
                Error Trace:    /Users/ericmschmidt/GitHub/telpirion/Activity650/lib/Converter_test.go:47
                Error:          Not equal:
                                expected: "seven"
                                actual  : "three"

                                Diff:
                                --- Expected
                                +++ Actual
                                @@ -1 +1 @@
                                -seven
                                +three
                Test:           TestOneDigitInputs
    /Users/ericmschmidt/GitHub/telpirion/Activity650/lib/Converter_test.go:47:
                Error Trace:    /Users/ericmschmidt/GitHub/telpirion/Activity650/lib/Converter_test.go:47
                Error:          Not equal:
                                expected: "nine"
                                actual  : "five"

                                Diff:
                                --- Expected
                                +++ Actual
                                @@ -1 +1 @@
                                -nine
                                +five
                Test:           TestOneDigitInputs
--- FAIL: TestOneDigitInputs (0.00s)
=== RUN   TestTwoDigitTeenInputs
--- PASS: TestTwoDigitTeenInputs (0.00s)
=== RUN   TestTwoDigitsGreaterThanNineteen
    /Users/ericmschmidt/GitHub/telpirion/Activity650/lib/Converter_test.go:81:
                Error Trace:    /Users/ericmschmidt/GitHub/telpirion/Activity650/lib/Converter_test.go:81
                Error:          Not equal:
                                expected: "twenty-one"
                                actual  : "seventy-seven"

                                Diff:
                                --- Expected
                                +++ Actual
                                @@ -1 +1 @@
                                -twenty-one
                                +seventy-seven
                Test:           TestTwoDigitsGreaterThanNineteen
    /Users/ericmschmidt/GitHub/telpirion/Activity650/lib/Converter_test.go:81:
                Error Trace:    /Users/ericmschmidt/GitHub/telpirion/Activity650/lib/Converter_test.go:81
                Error:          Not equal:
                                expected: "forty-five"
                                actual  : "one"

                                Diff:
                                --- Expected
                                +++ Actual
                                @@ -1 +1 @@
                                -forty-five
                                +one
                Test:           TestTwoDigitsGreaterThanNineteen
    /Users/ericmschmidt/GitHub/telpirion/Activity650/lib/Converter_test.go:81:
                Error Trace:    /Users/ericmschmidt/GitHub/telpirion/Activity650/lib/Converter_test.go:81
                Error:          Not equal:
                                expected: "seventy-seven"
                                actual  : "thirty-three"

                                Diff:
                                --- Expected
                                +++ Actual
                                @@ -1 +1 @@
                                -seventy-seven
                                +thirty-three
                Test:           TestTwoDigitsGreaterThanNineteen
    /Users/ericmschmidt/GitHub/telpirion/Activity650/lib/Converter_test.go:81:
                Error Trace:    /Users/ericmschmidt/GitHub/telpirion/Activity650/lib/Converter_test.go:81
                Error:          Not equal:
                                expected: "thirty"
                                actual  : "sixty-six"

                                Diff:
                                --- Expected
                                +++ Actual
                                @@ -1 +1 @@
                                -thirty
                                +sixty-six
                Test:           TestTwoDigitsGreaterThanNineteen
    /Users/ericmschmidt/GitHub/telpirion/Activity650/lib/Converter_test.go:81:
                Error Trace:    /Users/ericmschmidt/GitHub/telpirion/Activity650/lib/Converter_test.go:81
                Error:          Not equal:
                                expected: "eighty"
                                actual  : "sixty-six"

                                Diff:
                                --- Expected
                                +++ Actual
                                @@ -1 +1 @@
                                -eighty
                                +sixty-six
                Test:           TestTwoDigitsGreaterThanNineteen
--- FAIL: TestTwoDigitsGreaterThanNineteen (0.00s)
=== RUN   TestThreeDigitNumbers
    /Users/ericmschmidt/GitHub/telpirion/Activity650/lib/Converter_test.go:98:
                Error Trace:    /Users/ericmschmidt/GitHub/telpirion/Activity650/lib/Converter_test.go:98
                Error:          Not equal:
                                expected: "one-hundred"
                                actual  : " "

                                Diff:
                                --- Expected
                                +++ Actual
                                @@ -1 +1 @@
                                -one-hundred
                                +
                Test:           TestThreeDigitNumbers
    /Users/ericmschmidt/GitHub/telpirion/Activity650/lib/Converter_test.go:98:
                Error Trace:    /Users/ericmschmidt/GitHub/telpirion/Activity650/lib/Converter_test.go:98
                Error:          Not equal:
                                expected: "three-hundred"
                                actual  : " "

                                Diff:
                                --- Expected
                                +++ Actual
                                @@ -1 +1 @@
                                -three-hundred
                                +
                Test:           TestThreeDigitNumbers
    /Users/ericmschmidt/GitHub/telpirion/Activity650/lib/Converter_test.go:98:
                Error Trace:    /Users/ericmschmidt/GitHub/telpirion/Activity650/lib/Converter_test.go:98
                Error:          Not equal:
                                expected: "four-hundred two"
                                actual  : "two-hundred twenty-two"

                                Diff:
                                --- Expected
                                +++ Actual
                                @@ -1 +1 @@
                                -four-hundred two
                                +two-hundred twenty-two
                Test:           TestThreeDigitNumbers
    /Users/ericmschmidt/GitHub/telpirion/Activity650/lib/Converter_test.go:98:
                Error Trace:    /Users/ericmschmidt/GitHub/telpirion/Activity650/lib/Converter_test.go:98
                Error:          Not equal:
                                expected: "five-hundred sixty"
                                actual  : " sixty-six"

                                Diff:
                                --- Expected
                                +++ Actual
                                @@ -1 +1 @@
                                -five-hundred sixty
                                + sixty-six
                Test:           TestThreeDigitNumbers
    /Users/ericmschmidt/GitHub/telpirion/Activity650/lib/Converter_test.go:98:
                Error Trace:    /Users/ericmschmidt/GitHub/telpirion/Activity650/lib/Converter_test.go:98
                Error:          Not equal:
                                expected: "seven-hundred fifty-six"
                                actual  : " twenty-two"

                                Diff:
                                --- Expected
                                +++ Actual
                                @@ -1 +1 @@
                                -seven-hundred fifty-six
                                + twenty-two
                Test:           TestThreeDigitNumbers
--- FAIL: TestThreeDigitNumbers (0.00s)
FAIL
FAIL    activity650/lib 0.474s


> Test run finished at 5/13/2023, 4:34:57 PM <

Running tool: /usr/local/go/bin/go test -timeout 30s -run ^(TestInputOne|TestOneDigitInputs|TestTwoDigitTeenInputs|TestTwoDigitsGreaterThanNineteen|TestThreeDigitNumbers)$ activity650/lib

=== RUN   TestInputOne
--- PASS: TestInputOne (0.00s)
=== RUN   TestOneDigitInputs
--- PASS: TestOneDigitInputs (0.00s)
=== RUN   TestTwoDigitTeenInputs
--- PASS: TestTwoDigitTeenInputs (0.00s)
=== RUN   TestTwoDigitsGreaterThanNineteen
--- PASS: TestTwoDigitsGreaterThanNineteen (0.00s)
=== RUN   TestThreeDigitNumbers
    /Users/ericmschmidt/GitHub/telpirion/Activity650/lib/Converter_test.go:98:
                Error Trace:    /Users/ericmschmidt/GitHub/telpirion/Activity650/lib/Converter_test.go:98
                Error:          Not equal:
                                expected: "one-hundred"
                                actual  : "one-hundred "

                                Diff:
                                --- Expected
                                +++ Actual
                                @@ -1 +1 @@
                                -one-hundred
                                +one-hundred
                Test:           TestThreeDigitNumbers
    /Users/ericmschmidt/GitHub/telpirion/Activity650/lib/Converter_test.go:98:
                Error Trace:    /Users/ericmschmidt/GitHub/telpirion/Activity650/lib/Converter_test.go:98
                Error:          Not equal:
                                expected: "three-hundred"
                                actual  : "three-hundred "

                                Diff:
                                --- Expected
                                +++ Actual
                                @@ -1 +1 @@
                                -three-hundred
                                +three-hundred
                Test:           TestThreeDigitNumbers
--- FAIL: TestThreeDigitNumbers (0.00s)
FAIL
FAIL    activity650/lib 0.331s


> Test run finished at 5/13/2023, 4:35:35 PM <

Running tool: /usr/local/go/bin/go test -timeout 30s -run ^(TestInputOne|TestOneDigitInputs|TestTwoDigitTeenInputs|TestTwoDigitsGreaterThanNineteen|TestThreeDigitNumbers)$ activity650/lib

=== RUN   TestInputOne
--- PASS: TestInputOne (0.00s)
=== RUN   TestOneDigitInputs
--- PASS: TestOneDigitInputs (0.00s)
=== RUN   TestTwoDigitTeenInputs
--- PASS: TestTwoDigitTeenInputs (0.00s)
=== RUN   TestTwoDigitsGreaterThanNineteen
--- PASS: TestTwoDigitsGreaterThanNineteen (0.00s)
=== RUN   TestThreeDigitNumbers
--- PASS: TestThreeDigitNumbers (0.00s)
PASS
ok      activity650/lib 0.270s


> Test run finished at 5/13/2023, 4:36:42 PM <

